<?xml version="1.0" encoding="UTF-8"?>
<testsuite name="com.interview.productspace.ProductspaceApplicationTests" tests="1" skipped="0" failures="0" errors="0" timestamp="2025-03-15T14:20:19" hostname="LAPTOP-OU0FUOKR" time="0.81">
  <properties/>
  <testcase name="contextLoads()" classname="com.interview.productspace.ProductspaceApplicationTests" time="0.81"/>
  <system-out><![CDATA[19:50:06.842 [Test worker] INFO org.springframework.test.context.support.AnnotationConfigContextLoaderUtils -- Could not detect default configuration classes for test class [com.interview.productspace.ProductspaceApplicationTests]: ProductspaceApplicationTests does not declare any static, non-private, non-final, nested classes annotated with @Configuration.
19:50:06.975 [Test worker] INFO org.springframework.boot.test.context.SpringBootTestContextBootstrapper -- Found @SpringBootConfiguration com.interview.productspace.ProductSpaceApplication for test class com.interview.productspace.ProductspaceApplicationTests

  .   ____          _            __ _ _
 /\\ / ___'_ __ _ _(_)_ __  __ _ \ \ \ \
( ( )\___ | '_ | '_| | '_ \/ _` | \ \ \ \
 \\/  ___)| |_)| | | | | || (_| |  ) ) ) )
  '  |____| .__|_| |_|_| |_\__, | / / / /
 =========|_|==============|___/=/_/_/_/

 :: Spring Boot ::                (v3.4.3)

2025-03-15T19:50:07.467+05:30  INFO 21880 --- [job-search-backend] [    Test worker] c.i.p.ProductspaceApplicationTests       : Starting ProductspaceApplicationTests using Java 17.0.10 with PID 21880 (started by Sachin Singh in C:\Users\Sachin Singh\Downloads\productspace\productspace)
2025-03-15T19:50:07.467+05:30  INFO 21880 --- [job-search-backend] [    Test worker] c.i.p.ProductspaceApplicationTests       : No active profile set, falling back to 1 default profile: "default"
2025-03-15T19:50:08.262+05:30  INFO 21880 --- [job-search-backend] [    Test worker] .s.d.r.c.RepositoryConfigurationDelegate : Bootstrapping Spring Data JPA repositories in DEFAULT mode.
2025-03-15T19:50:08.340+05:30  INFO 21880 --- [job-search-backend] [    Test worker] .s.d.r.c.RepositoryConfigurationDelegate : Finished Spring Data repository scanning in 62 ms. Found 1 JPA repository interface.
2025-03-15T19:50:08.844+05:30  INFO 21880 --- [job-search-backend] [    Test worker] o.hibernate.jpa.internal.util.LogHelper  : HHH000204: Processing PersistenceUnitInfo [name: default]
2025-03-15T19:50:08.922+05:30  INFO 21880 --- [job-search-backend] [    Test worker] org.hibernate.Version                    : HHH000412: Hibernate ORM core version 6.6.8.Final
2025-03-15T19:50:08.970+05:30  INFO 21880 --- [job-search-backend] [    Test worker] o.h.c.internal.RegionFactoryInitiator    : HHH000026: Second-level cache disabled
2025-03-15T19:50:09.347+05:30  INFO 21880 --- [job-search-backend] [    Test worker] o.s.o.j.p.SpringPersistenceUnitInfo      : No LoadTimeWeaver setup: ignoring JPA class transformer
2025-03-15T19:50:09.394+05:30  INFO 21880 --- [job-search-backend] [    Test worker] com.zaxxer.hikari.HikariDataSource       : HikariPool-1 - Starting...
2025-03-15T19:50:13.735+05:30  INFO 21880 --- [job-search-backend] [    Test worker] com.zaxxer.hikari.pool.HikariPool        : HikariPool-1 - Added connection conn1: url=jdbc:h2:file:C:/data/testdb user=SA
2025-03-15T19:50:13.737+05:30  INFO 21880 --- [job-search-backend] [    Test worker] com.zaxxer.hikari.HikariDataSource       : HikariPool-1 - Start completed.
2025-03-15T19:50:13.778+05:30  WARN 21880 --- [job-search-backend] [    Test worker] org.hibernate.orm.deprecation            : HHH90000025: H2Dialect does not need to be specified explicitly using 'hibernate.dialect' (remove the property setting and it will be selected by default)
2025-03-15T19:50:13.807+05:30  INFO 21880 --- [job-search-backend] [    Test worker] org.hibernate.orm.connections.pooling    : HHH10001005: Database info:
	Database JDBC URL [Connecting through datasource 'HikariDataSource (HikariPool-1)']
	Database driver: undefined/unknown
	Database version: 2.3.232
	Autocommit mode: undefined/unknown
	Isolation level: undefined/unknown
	Minimum pool size: undefined/unknown
	Maximum pool size: undefined/unknown
2025-03-15T19:50:15.735+05:30  INFO 21880 --- [job-search-backend] [    Test worker] o.h.e.t.j.p.i.JtaPlatformInitiator       : HHH000489: No JTA platform available (set 'hibernate.transaction.jta.platform' to enable JTA platform integration)
2025-03-15T19:50:15.837+05:30  INFO 21880 --- [job-search-backend] [    Test worker] j.LocalContainerEntityManagerFactoryBean : Initialized JPA EntityManagerFactory for persistence unit 'default'
2025-03-15T19:50:16.573+05:30  INFO 21880 --- [job-search-backend] [    Test worker] o.s.d.j.r.query.QueryEnhancerFactory     : Hibernate is in classpath; If applicable, HQL parser will be used.
2025-03-15T19:50:18.109+05:30  WARN 21880 --- [job-search-backend] [    Test worker] JpaBaseConfiguration$JpaWebConfiguration : spring.jpa.open-in-view is enabled by default. Therefore, database queries may be performed during view rendering. Explicitly configure spring.jpa.open-in-view to disable this warning
2025-03-15T19:50:18.863+05:30  INFO 21880 --- [job-search-backend] [    Test worker] o.s.b.a.h2.H2ConsoleAutoConfiguration    : H2 console available at '/h2-console'. Database available at 'jdbc:h2:file:C:/data/testdb'
2025-03-15T19:50:19.044+05:30  INFO 21880 --- [job-search-backend] [    Test worker] c.i.p.ProductspaceApplicationTests       : Started ProductspaceApplicationTests in 11.881 seconds (process running for 13.133)
]]></system-out>
  <system-err><![CDATA[]]></system-err>
</testsuite>
